android/app/build/intermediates/manifest_merge_blame_file/debug/manifest-merger-blame-debug-report.txt
1<?xml version="1.0" encoding="utf-8"?>
2<manifest xmlns:android="http://schemas.android.com/apk/res/android"
3    package="com.example.golheal_app"
4    android:versionCode="1"
5    android:versionName="1.0" >
6
7    <uses-sdk
8        android:minSdkVersion="21"
9        android:targetSdkVersion="33" />
10    <!--
11         The INTERNET permission is required for development. Specifically,
12         the Flutter tool needs it to communicate with the running application
13         to allow setting breakpoints, to provide hot reload, etc.
14    -->
15    <uses-permission android:name="android.permission.INTERNET" />
15-->src\main\AndroidManifest.xml:2:5-67
15-->src\main\AndroidManifest.xml:2:22-64
16    <uses-permission android:name="android.permission.CAMERA" />
16-->src\main\AndroidManifest.xml:3:5-64
16-->src\main\AndroidManifest.xml:3:22-62
17    <!--
18 Required to query activities that can process text, see:
19         https://developer.android.com/training/package-visibility and
20         https://developer.android.com/reference/android/content/Intent#ACTION_PROCESS_TEXT.
21
22         In particular, this is used by the Flutter engine in io.flutter.plugin.text.ProcessTextPlugin.
23    -->
24    <queries>
24-->src\main\AndroidManifest.xml:42:5-47:15
25        <intent>
25-->src\main\AndroidManifest.xml:43:9-46:18
26            <action android:name="android.intent.action.PROCESS_TEXT" />
26-->src\main\AndroidManifest.xml:44:13-72
26-->src\main\AndroidManifest.xml:44:21-70
27
28            <data android:mimeType="text/plain" />
28-->src\main\AndroidManifest.xml:45:13-50
28-->src\main\AndroidManifest.xml:45:19-48
29        </intent>
30    </queries>
31
32    <uses-feature android:name="android.hardware.camera.any" />
32-->[:camera_android_camerax] AndroidManifest.xml:7:5-64
32-->[:camera_android_camerax] AndroidManifest.xml:7:19-61
33
34    <uses-permission android:name="android.permission.RECORD_AUDIO" />
34-->[:camera_android_camerax] AndroidManifest.xml:10:5-71
34-->[:camera_android_camerax] AndroidManifest.xml:10:22-68
35    <uses-permission
35-->[:camera_android_camerax] AndroidManifest.xml:11:5-13:38
36        android:name="android.permission.WRITE_EXTERNAL_STORAGE"
36-->[:camera_android_camerax] AndroidManifest.xml:12:9-65
37        android:maxSdkVersion="28" />
37-->[:camera_android_camerax] AndroidManifest.xml:13:9-35
38    <uses-permission android:name="android.permission.READ_EXTERNAL_STORAGE" />
39    <uses-permission android:name="android.permission.ACCESS_NETWORK_STATE" />
39-->[com.google.mlkit:entity-extraction:16.0.0-beta5] AndroidManifest.xml:7:5-79
39-->[com.google.mlkit:entity-extraction:16.0.0-beta5] AndroidManifest.xml:7:22-76
40    <uses-permission android:name="android.permission.WAKE_LOCK" /> <!-- Required by older versions of Google Play services to create IID tokens -->
40-->[com.google.firebase:firebase-iid:20.1.5] AndroidManifest.xml:24:5-68
40-->[com.google.firebase:firebase-iid:20.1.5] AndroidManifest.xml:24:22-65
41    <uses-permission android:name="com.google.android.c2dm.permission.RECEIVE" />
41-->[com.google.firebase:firebase-iid:20.1.5] AndroidManifest.xml:26:5-82
41-->[com.google.firebase:firebase-iid:20.1.5] AndroidManifest.xml:26:22-79
42    <uses-permission android:name="android.permission.RECEIVE_BOOT_COMPLETED" />
42-->[androidx.work:work-runtime:2.7.0] AndroidManifest.xml:27:5-81
42-->[androidx.work:work-runtime:2.7.0] AndroidManifest.xml:27:22-78
43    <uses-permission android:name="android.permission.FOREGROUND_SERVICE" />
43-->[androidx.work:work-runtime:2.7.0] AndroidManifest.xml:28:5-77
43-->[androidx.work:work-runtime:2.7.0] AndroidManifest.xml:28:22-74
44
45    <permission
45-->[androidx.core:core:1.13.1] AndroidManifest.xml:22:5-24:47
46        android:name="com.example.golheal_app.DYNAMIC_RECEIVER_NOT_EXPORTED_PERMISSION"
46-->[androidx.core:core:1.13.1] AndroidManifest.xml:23:9-81
47        android:protectionLevel="signature" />
47-->[androidx.core:core:1.13.1] AndroidManifest.xml:24:9-44
48
49    <uses-permission android:name="com.example.golheal_app.DYNAMIC_RECEIVER_NOT_EXPORTED_PERMISSION" />
49-->[androidx.core:core:1.13.1] AndroidManifest.xml:26:5-97
49-->[androidx.core:core:1.13.1] AndroidManifest.xml:26:22-94
50
51    <application
52        android:name="android.app.Application"
53        android:appComponentFactory="androidx.core.app.CoreComponentFactory"
53-->[androidx.core:core:1.13.1] AndroidManifest.xml:28:18-86
54        android:debuggable="true"
55        android:extractNativeLibs="true"
56        android:icon="@mipmap/ic_launcher"
57        android:label="golheal_app" >
58        <activity
59            android:name="com.example.golheal_app.MainActivity"
60            android:configChanges="orientation|keyboardHidden|keyboard|screenSize|smallestScreenSize|locale|layoutDirection|fontScale|screenLayout|density|uiMode"
61            android:exported="true"
62            android:hardwareAccelerated="true"
63            android:launchMode="singleTop"
64            android:screenOrientation="landscape"
65            android:taskAffinity=""
66            android:theme="@style/LaunchTheme"
67            android:windowSoftInputMode="adjustResize" >
68
69            <!--
70                 Specifies an Android theme to apply to this Activity as soon as
71                 the Android process has started. This theme is visible to the user
72                 while the Flutter UI initializes. After that, this theme continues
73                 to determine the Window background behind the Flutter UI.
74            -->
75            <meta-data
76                android:name="io.flutter.embedding.android.NormalTheme"
77                android:resource="@style/NormalTheme" />
78
79            <intent-filter>
80                <action android:name="android.intent.action.MAIN" />
81
82                <category android:name="android.intent.category.LAUNCHER" />
83            </intent-filter>
84        </activity>
85        <!--
86             Don't delete the meta-data below.
87             This is used by the Flutter tool to generate GeneratedPluginRegistrant.java
88        -->
89        <meta-data
90            android:name="flutterEmbedding"
91            android:value="2" />
92
93        <provider
93-->[:image_picker_android] AndroidManifest.xml:9:9-17:20
94            android:name="io.flutter.plugins.imagepicker.ImagePickerFileProvider"
94-->[:image_picker_android] AndroidManifest.xml:10:13-82
95            android:authorities="com.example.golheal_app.flutter.image_provider"
95-->[:image_picker_android] AndroidManifest.xml:11:13-74
96            android:exported="false"
96-->[:image_picker_android] AndroidManifest.xml:12:13-37
97            android:grantUriPermissions="true" >
97-->[:image_picker_android] AndroidManifest.xml:13:13-47
98            <meta-data
98-->[:image_picker_android] AndroidManifest.xml:14:13-16:75
99                android:name="android.support.FILE_PROVIDER_PATHS"
99-->[:image_picker_android] AndroidManifest.xml:15:17-67
100                android:resource="@xml/flutter_image_picker_file_paths" />
100-->[:image_picker_android] AndroidManifest.xml:16:17-72
101        </provider> <!-- Trigger Google Play services to install the backported photo picker module. -->
102        <service
102-->[:image_picker_android] AndroidManifest.xml:19:9-31:19
103            android:name="com.google.android.gms.metadata.ModuleDependencies"
103-->[:image_picker_android] AndroidManifest.xml:20:13-78
104            android:enabled="false"
104-->[:image_picker_android] AndroidManifest.xml:21:13-36
105            android:exported="false" >
105-->[:image_picker_android] AndroidManifest.xml:22:13-37
106            <intent-filter>
106-->[:image_picker_android] AndroidManifest.xml:24:13-26:29
107                <action android:name="com.google.android.gms.metadata.MODULE_DEPENDENCIES" />
107-->[:image_picker_android] AndroidManifest.xml:25:17-94
107-->[:image_picker_android] AndroidManifest.xml:25:25-91
108            </intent-filter>
109
110            <meta-data
110-->[:image_picker_android] AndroidManifest.xml:28:13-30:36
111                android:name="photopicker_activity:0:required"
111-->[:image_picker_android] AndroidManifest.xml:29:17-63
112                android:value="" />
112-->[:image_picker_android] AndroidManifest.xml:30:17-33
113        </service>
114        <service
114-->[androidx.camera:camera-camera2:1.3.4] AndroidManifest.xml:24:9-33:19
115            android:name="androidx.camera.core.impl.MetadataHolderService"
115-->[androidx.camera:camera-camera2:1.3.4] AndroidManifest.xml:25:13-75
116            android:enabled="false"
116-->[androidx.camera:camera-camera2:1.3.4] AndroidManifest.xml:26:13-36
117            android:exported="false" >
117-->[androidx.camera:camera-camera2:1.3.4] AndroidManifest.xml:27:13-37
118            <meta-data
118-->[androidx.camera:camera-camera2:1.3.4] AndroidManifest.xml:30:13-32:89
119                android:name="androidx.camera.core.impl.MetadataHolderService.DEFAULT_CONFIG_PROVIDER"
119-->[androidx.camera:camera-camera2:1.3.4] AndroidManifest.xml:31:17-103
120                android:value="androidx.camera.camera2.Camera2Config$DefaultProvider" />
120-->[androidx.camera:camera-camera2:1.3.4] AndroidManifest.xml:32:17-86
121        </service>
122        <service
122-->[com.google.mlkit:entity-extraction:16.0.0-beta5] AndroidManifest.xml:11:9-17:19
123            android:name="com.google.mlkit.common.internal.MlKitComponentDiscoveryService"
123-->[com.google.mlkit:entity-extraction:16.0.0-beta5] AndroidManifest.xml:12:13-91
124            android:directBootAware="true"
124-->[com.google.mlkit:common:18.11.0] AndroidManifest.xml:17:13-43
125            android:exported="false" >
125-->[com.google.mlkit:entity-extraction:16.0.0-beta5] AndroidManifest.xml:13:13-37
126            <meta-data
126-->[com.google.mlkit:entity-extraction:16.0.0-beta5] AndroidManifest.xml:14:13-16:85
127                android:name="com.google.firebase.components:com.google.mlkit.nl.entityextraction.internal.EntityExtractionComponentRegistrar"
127-->[com.google.mlkit:entity-extraction:16.0.0-beta5] AndroidManifest.xml:15:17-143
128                android:value="com.google.firebase.components.ComponentRegistrar" />
128-->[com.google.mlkit:entity-extraction:16.0.0-beta5] AndroidManifest.xml:16:17-82
129            <meta-data
129-->[com.google.mlkit:smart-reply:17.0.4] AndroidManifest.xml:26:13-28:85
130                android:name="com.google.firebase.components:com.google.mlkit.nl.smartreply.bundled.internal.ThickSmartReplyRegistrar"
130-->[com.google.mlkit:smart-reply:17.0.4] AndroidManifest.xml:27:17-135
131                android:value="com.google.firebase.components.ComponentRegistrar" />
131-->[com.google.mlkit:smart-reply:17.0.4] AndroidManifest.xml:28:17-82
132            <meta-data
132-->[com.google.mlkit:translate:17.0.3] AndroidManifest.xml:14:13-16:85
133                android:name="com.google.firebase.components:com.google.mlkit.nl.translate.NaturalLanguageTranslateRegistrar"
133-->[com.google.mlkit:translate:17.0.3] AndroidManifest.xml:15:17-126
134                android:value="com.google.firebase.components.ComponentRegistrar" />
134-->[com.google.mlkit:translate:17.0.3] AndroidManifest.xml:16:17-82
135            <meta-data
135-->[com.google.mlkit:face-mesh-detection:16.0.0-beta2] AndroidManifest.xml:11:13-13:85
136                android:name="com.google.firebase.components:com.google.mlkit.vision.facemesh.internal.FaceMeshRegistrar"
136-->[com.google.mlkit:face-mesh-detection:16.0.0-beta2] AndroidManifest.xml:12:17-122
137                android:value="com.google.firebase.components.ComponentRegistrar" />
137-->[com.google.mlkit:face-mesh-detection:16.0.0-beta2] AndroidManifest.xml:13:17-82
138            <meta-data
138-->[com.google.mlkit:image-labeling:17.0.9] AndroidManifest.xml:11:13-13:85
139                android:name="com.google.firebase.components:com.google.mlkit.vision.label.defaults.internal.BundledLabelRegistrar"
139-->[com.google.mlkit:image-labeling:17.0.9] AndroidManifest.xml:12:17-132
140                android:value="com.google.firebase.components.ComponentRegistrar" />
140-->[com.google.mlkit:image-labeling:17.0.9] AndroidManifest.xml:13:17-82
141            <meta-data
141-->[com.google.mlkit:image-labeling-custom:17.0.3] AndroidManifest.xml:11:13-13:85
142                android:name="com.google.firebase.components:com.google.mlkit.vision.label.custom.internal.CustomLabelRegistrar"
142-->[com.google.mlkit:image-labeling-custom:17.0.3] AndroidManifest.xml:12:17-129
143                android:value="com.google.firebase.components.ComponentRegistrar" />
143-->[com.google.mlkit:image-labeling-custom:17.0.3] AndroidManifest.xml:13:17-82
144            <meta-data
144-->[com.google.mlkit:object-detection:17.0.2] AndroidManifest.xml:14:13-16:85
145                android:name="com.google.firebase.components:com.google.mlkit.vision.objects.defaults.internal.DefaultObjectsRegistrar"
145-->[com.google.mlkit:object-detection:17.0.2] AndroidManifest.xml:15:17-136
146                android:value="com.google.firebase.components.ComponentRegistrar" />
146-->[com.google.mlkit:object-detection:17.0.2] AndroidManifest.xml:16:17-82
147            <meta-data
147-->[com.google.mlkit:object-detection-custom:17.0.2] AndroidManifest.xml:11:13-13:85
148                android:name="com.google.firebase.components:com.google.mlkit.vision.objects.custom.internal.CustomObjectsRegistrar"
148-->[com.google.mlkit:object-detection-custom:17.0.2] AndroidManifest.xml:12:17-133
149                android:value="com.google.firebase.components.ComponentRegistrar" />
149-->[com.google.mlkit:object-detection-custom:17.0.2] AndroidManifest.xml:13:17-82
150            <meta-data
150-->[com.google.mlkit:segmentation-selfie:16.0.0-beta6] AndroidManifest.xml:12:13-14:85
151                android:name="com.google.firebase.components:com.google.mlkit.vision.segmentation.internal.SegmentationRegistrar"
151-->[com.google.mlkit:segmentation-selfie:16.0.0-beta6] AndroidManifest.xml:13:17-130
152                android:value="com.google.firebase.components.ComponentRegistrar" />
152-->[com.google.mlkit:segmentation-selfie:16.0.0-beta6] AndroidManifest.xml:14:17-82
153            <meta-data
153-->[com.google.android.gms:play-services-mlkit-barcode-scanning:18.3.1] AndroidManifest.xml:12:13-14:85
154                android:name="com.google.firebase.components:com.google.mlkit.vision.barcode.internal.BarcodeRegistrar"
154-->[com.google.android.gms:play-services-mlkit-barcode-scanning:18.3.1] AndroidManifest.xml:13:17-120
155                android:value="com.google.firebase.components.ComponentRegistrar" />
155-->[com.google.android.gms:play-services-mlkit-barcode-scanning:18.3.1] AndroidManifest.xml:14:17-82
156            <meta-data
156-->[com.google.android.gms:play-services-mlkit-face-detection:17.1.0] AndroidManifest.xml:12:13-14:85
157                android:name="com.google.firebase.components:com.google.mlkit.vision.face.internal.FaceRegistrar"
157-->[com.google.android.gms:play-services-mlkit-face-detection:17.1.0] AndroidManifest.xml:13:17-114
158                android:value="com.google.firebase.components.ComponentRegistrar" />
158-->[com.google.android.gms:play-services-mlkit-face-detection:17.1.0] AndroidManifest.xml:14:17-82
159            <meta-data
159-->[com.google.mlkit:vision-internal-vkp:18.2.3] AndroidManifest.xml:14:13-16:85
160                android:name="com.google.firebase.components:com.google.mlkit.vision.vkp.VkpRegistrar"
160-->[com.google.mlkit:vision-internal-vkp:18.2.3] AndroidManifest.xml:15:17-103
161                android:value="com.google.firebase.components.ComponentRegistrar" />
161-->[com.google.mlkit:vision-internal-vkp:18.2.3] AndroidManifest.xml:16:17-82
162            <meta-data
162-->[com.google.mlkit:pose-detection-common:18.0.0-beta5] AndroidManifest.xml:29:13-31:85
163                android:name="com.google.firebase.components:com.google.mlkit.vision.pose.internal.PoseRegistrar"
163-->[com.google.mlkit:pose-detection-common:18.0.0-beta5] AndroidManifest.xml:30:17-114
164                android:value="com.google.firebase.components.ComponentRegistrar" />
164-->[com.google.mlkit:pose-detection-common:18.0.0-beta5] AndroidManifest.xml:31:17-82
165            <meta-data
165-->[com.google.android.gms:play-services-mlkit-text-recognition-common:19.1.0] AndroidManifest.xml:12:13-14:85
166                android:name="com.google.firebase.components:com.google.mlkit.vision.text.internal.TextRegistrar"
166-->[com.google.android.gms:play-services-mlkit-text-recognition-common:19.1.0] AndroidManifest.xml:13:17-114
167                android:value="com.google.firebase.components.ComponentRegistrar" />
167-->[com.google.android.gms:play-services-mlkit-text-recognition-common:19.1.0] AndroidManifest.xml:14:17-82
168            <meta-data
168-->[com.google.mlkit:vision-common:17.3.0] AndroidManifest.xml:12:13-14:85
169                android:name="com.google.firebase.components:com.google.mlkit.vision.common.internal.VisionCommonRegistrar"
169-->[com.google.mlkit:vision-common:17.3.0] AndroidManifest.xml:13:17-124
170                android:value="com.google.firebase.components.ComponentRegistrar" />
170-->[com.google.mlkit:vision-common:17.3.0] AndroidManifest.xml:14:17-82
171            <meta-data
171-->[com.google.mlkit:digital-ink-recognition:18.1.0] AndroidManifest.xml:15:13-17:85
172                android:name="com.google.firebase.components:com.google.mlkit.vision.digitalink.internal.DigitalInkRecognitionRegistrar"
172-->[com.google.mlkit:digital-ink-recognition:18.1.0] AndroidManifest.xml:16:17-137
173                android:value="com.google.firebase.components.ComponentRegistrar" />
173-->[com.google.mlkit:digital-ink-recognition:18.1.0] AndroidManifest.xml:17:17-82
174            <meta-data
174-->[com.google.mlkit:linkfirebase:17.0.0] AndroidManifest.xml:12:13-14:85
175                android:name="com.google.firebase.components:com.google.mlkit.linkfirebase.internal.LinkFirebaseComponentRegistrar"
175-->[com.google.mlkit:linkfirebase:17.0.0] AndroidManifest.xml:13:17-132
176                android:value="com.google.firebase.components.ComponentRegistrar" />
176-->[com.google.mlkit:linkfirebase:17.0.0] AndroidManifest.xml:14:17-82
177            <meta-data
177-->[com.google.mlkit:language-id:17.0.6] AndroidManifest.xml:11:13-13:85
178                android:name="com.google.firebase.components:com.google.mlkit.nl.languageid.bundled.internal.ThickLanguageIdRegistrar"
178-->[com.google.mlkit:language-id:17.0.6] AndroidManifest.xml:12:17-135
179                android:value="com.google.firebase.components.ComponentRegistrar" />
179-->[com.google.mlkit:language-id:17.0.6] AndroidManifest.xml:13:17-82
180            <meta-data
180-->[com.google.mlkit:smart-reply-common:16.1.0] AndroidManifest.xml:26:13-28:85
181                android:name="com.google.firebase.components:com.google.mlkit.nl.smartreply.internal.SmartReplyRegistrar"
181-->[com.google.mlkit:smart-reply-common:16.1.0] AndroidManifest.xml:27:17-122
182                android:value="com.google.firebase.components.ComponentRegistrar" />
182-->[com.google.mlkit:smart-reply-common:16.1.0] AndroidManifest.xml:28:17-82
183            <meta-data
183-->[com.google.mlkit:language-id-common:16.1.0] AndroidManifest.xml:26:13-28:85
184                android:name="com.google.firebase.components:com.google.mlkit.nl.languageid.internal.LanguageIdRegistrar"
184-->[com.google.mlkit:language-id-common:16.1.0] AndroidManifest.xml:27:17-122
185                android:value="com.google.firebase.components.ComponentRegistrar" />
185-->[com.google.mlkit:language-id-common:16.1.0] AndroidManifest.xml:28:17-82
186            <meta-data
186-->[com.google.mlkit:common:18.11.0] AndroidManifest.xml:20:13-22:85
187                android:name="com.google.firebase.components:com.google.mlkit.common.internal.CommonComponentRegistrar"
187-->[com.google.mlkit:common:18.11.0] AndroidManifest.xml:21:17-120
188                android:value="com.google.firebase.components.ComponentRegistrar" />
188-->[com.google.mlkit:common:18.11.0] AndroidManifest.xml:22:17-82
189        </service>
190        <!--
191             Required for ML Kit Pose Detection GPU acceleration. Applications that target Android
192             S+ require explicit declaration of any referenced vendor-provided libraries.
193        -->
194        <uses-native-library
194-->[com.google.mlkit:pose-detection-common:18.0.0-beta5] AndroidManifest.xml:16:9-18:40
195            android:name="libOpenCL.so"
195-->[com.google.mlkit:pose-detection-common:18.0.0-beta5] AndroidManifest.xml:17:13-40
196            android:required="false" />
196-->[com.google.mlkit:pose-detection-common:18.0.0-beta5] AndroidManifest.xml:18:13-37
197        <uses-native-library
197-->[com.google.mlkit:pose-detection-common:18.0.0-beta5] AndroidManifest.xml:16:9-18:40
198            android:name="libOpenCL-car.so"
198-->[com.google.mlkit:pose-detection-common:18.0.0-beta5] AndroidManifest.xml:17:13-40
199            android:required="false" />
199-->[com.google.mlkit:pose-detection-common:18.0.0-beta5] AndroidManifest.xml:18:13-37
200        <uses-native-library
200-->[com.google.mlkit:pose-detection-common:18.0.0-beta5] AndroidManifest.xml:16:9-18:40
201            android:name="libOpenCL-pixel.so"
201-->[com.google.mlkit:pose-detection-common:18.0.0-beta5] AndroidManifest.xml:17:13-40
202            android:required="false" />
202-->[com.google.mlkit:pose-detection-common:18.0.0-beta5] AndroidManifest.xml:18:13-37
203
204        <provider
204-->[com.google.mlkit:common:18.11.0] AndroidManifest.xml:9:9-13:38
205            android:name="com.google.mlkit.common.internal.MlKitInitProvider"
205-->[com.google.mlkit:common:18.11.0] AndroidManifest.xml:10:13-78
206            android:authorities="com.example.golheal_app.mlkitinitprovider"
206-->[com.google.mlkit:common:18.11.0] AndroidManifest.xml:11:13-69
207            android:exported="false"
207-->[com.google.mlkit:common:18.11.0] AndroidManifest.xml:12:13-37
208            android:initOrder="99" />
208-->[com.google.mlkit:common:18.11.0] AndroidManifest.xml:13:13-35
209
210        <service
210-->[com.google.firebase:firebase-iid:20.1.5] AndroidManifest.xml:29:9-35:19
211            android:name="com.google.firebase.components.ComponentDiscoveryService"
211-->[com.google.firebase:firebase-iid:20.1.5] AndroidManifest.xml:30:13-84
212            android:directBootAware="true"
212-->[com.google.firebase:firebase-common:19.3.0] AndroidManifest.xml:34:13-43
213            android:exported="false" >
213-->[com.google.firebase:firebase-iid:20.1.5] AndroidManifest.xml:31:13-37
214            <meta-data
214-->[com.google.firebase:firebase-iid:20.1.5] AndroidManifest.xml:32:13-34:85
215                android:name="com.google.firebase.components:com.google.firebase.iid.Registrar"
215-->[com.google.firebase:firebase-iid:20.1.5] AndroidManifest.xml:33:17-96
216                android:value="com.google.firebase.components.ComponentRegistrar" />
216-->[com.google.firebase:firebase-iid:20.1.5] AndroidManifest.xml:34:17-82
217            <meta-data
217-->[com.google.firebase:firebase-installations:16.2.1] AndroidManifest.xml:17:13-19:85
218                android:name="com.google.firebase.components:com.google.firebase.installations.FirebaseInstallationsRegistrar"
218-->[com.google.firebase:firebase-installations:16.2.1] AndroidManifest.xml:18:17-127
219                android:value="com.google.firebase.components.ComponentRegistrar" />
219-->[com.google.firebase:firebase-installations:16.2.1] AndroidManifest.xml:19:17-82
220        </service>
221
222        <receiver
222-->[com.google.firebase:firebase-iid:20.1.5] AndroidManifest.xml:37:9-44:20
223            android:name="com.google.firebase.iid.FirebaseInstanceIdReceiver"
223-->[com.google.firebase:firebase-iid:20.1.5] AndroidManifest.xml:38:13-78
224            android:exported="true"
224-->[com.google.firebase:firebase-iid:20.1.5] AndroidManifest.xml:39:13-36
225            android:permission="com.google.android.c2dm.permission.SEND" >
225-->[com.google.firebase:firebase-iid:20.1.5] AndroidManifest.xml:40:13-73
226            <intent-filter>
226-->[com.google.firebase:firebase-iid:20.1.5] AndroidManifest.xml:41:13-43:29
227                <action android:name="com.google.android.c2dm.intent.RECEIVE" />
227-->[com.google.firebase:firebase-iid:20.1.5] AndroidManifest.xml:42:17-81
227-->[com.google.firebase:firebase-iid:20.1.5] AndroidManifest.xml:42:25-78
228            </intent-filter>
229        </receiver>
230
231        <service
231-->[com.google.mlkit:acceleration:16.0.0-beta2] AndroidManifest.xml:8:9-11:68
232            android:name="com.google.mlkit.acceleration.internal.MlKitRemoteWorkerService"
232-->[com.google.mlkit:acceleration:16.0.0-beta2] AndroidManifest.xml:9:13-91
233            android:exported="false"
233-->[com.google.mlkit:acceleration:16.0.0-beta2] AndroidManifest.xml:10:13-37
234            android:process=":mlkit_acceleration_mini_benchmark" />
234-->[com.google.mlkit:acceleration:16.0.0-beta2] AndroidManifest.xml:11:13-65
235
236        <activity
236-->[com.google.android.gms:play-services-base:18.5.0] AndroidManifest.xml:5:9-173
237            android:name="com.google.android.gms.common.api.GoogleApiActivity"
237-->[com.google.android.gms:play-services-base:18.5.0] AndroidManifest.xml:5:19-85
238            android:exported="false"
238-->[com.google.android.gms:play-services-base:18.5.0] AndroidManifest.xml:5:146-170
239            android:theme="@android:style/Theme.Translucent.NoTitleBar" />
239-->[com.google.android.gms:play-services-base:18.5.0] AndroidManifest.xml:5:86-145
240
241        <provider
241-->[com.google.firebase:firebase-common:19.3.0] AndroidManifest.xml:26:9-30:39
242            android:name="com.google.firebase.provider.FirebaseInitProvider"
242-->[com.google.firebase:firebase-common:19.3.0] AndroidManifest.xml:27:13-77
243            android:authorities="com.example.golheal_app.firebaseinitprovider"
243-->[com.google.firebase:firebase-common:19.3.0] AndroidManifest.xml:28:13-72
244            android:exported="false"
244-->[com.google.firebase:firebase-common:19.3.0] AndroidManifest.xml:29:13-37
245            android:initOrder="100" />
245-->[com.google.firebase:firebase-common:19.3.0] AndroidManifest.xml:30:13-36
246
247        <meta-data
247-->[com.google.android.gms:play-services-basement:18.4.0] AndroidManifest.xml:6:9-122
248            android:name="com.google.android.gms.version"
248-->[com.google.android.gms:play-services-basement:18.4.0] AndroidManifest.xml:6:20-65
249            android:value="@integer/google_play_services_version" />
249-->[com.google.android.gms:play-services-basement:18.4.0] AndroidManifest.xml:6:66-119
250
251        <uses-library
251-->[androidx.window:window:1.2.0] AndroidManifest.xml:23:9-25:40
252            android:name="androidx.window.extensions"
252-->[androidx.window:window:1.2.0] AndroidManifest.xml:24:13-54
253            android:required="false" />
253-->[androidx.window:window:1.2.0] AndroidManifest.xml:25:13-37
254        <uses-library
254-->[androidx.window:window:1.2.0] AndroidManifest.xml:26:9-28:40
255            android:name="androidx.window.sidecar"
255-->[androidx.window:window:1.2.0] AndroidManifest.xml:27:13-51
256            android:required="false" />
256-->[androidx.window:window:1.2.0] AndroidManifest.xml:28:13-37
257
258        <service
258-->[androidx.work:work-multiprocess:2.7.0] AndroidManifest.xml:25:9-27:40
259            android:name="androidx.work.multiprocess.RemoteWorkManagerService"
259-->[androidx.work:work-multiprocess:2.7.0] AndroidManifest.xml:26:13-79
260            android:exported="false" />
260-->[androidx.work:work-multiprocess:2.7.0] AndroidManifest.xml:27:13-37
261
262        <provider
262-->[androidx.work:work-runtime:2.7.0] AndroidManifest.xml:31:9-39:20
263            android:name="androidx.startup.InitializationProvider"
263-->[androidx.work:work-runtime:2.7.0] AndroidManifest.xml:32:13-67
264            android:authorities="com.example.golheal_app.androidx-startup"
264-->[androidx.work:work-runtime:2.7.0] AndroidManifest.xml:33:13-68
265            android:exported="false" >
265-->[androidx.work:work-runtime:2.7.0] AndroidManifest.xml:34:13-37
266            <meta-data
266-->[androidx.work:work-runtime:2.7.0] AndroidManifest.xml:36:13-38:52
267                android:name="androidx.work.WorkManagerInitializer"
267-->[androidx.work:work-runtime:2.7.0] AndroidManifest.xml:37:17-68
268                android:value="androidx.startup" />
268-->[androidx.work:work-runtime:2.7.0] AndroidManifest.xml:38:17-49
269            <meta-data
269-->[androidx.emoji2:emoji2:1.2.0] AndroidManifest.xml:29:13-31:52
270                android:name="androidx.emoji2.text.EmojiCompatInitializer"
270-->[androidx.emoji2:emoji2:1.2.0] AndroidManifest.xml:30:17-75
271                android:value="androidx.startup" />
271-->[androidx.emoji2:emoji2:1.2.0] AndroidManifest.xml:31:17-49
272            <meta-data
272-->[androidx.lifecycle:lifecycle-process:2.7.0] AndroidManifest.xml:29:13-31:52
273                android:name="androidx.lifecycle.ProcessLifecycleInitializer"
273-->[androidx.lifecycle:lifecycle-process:2.7.0] AndroidManifest.xml:30:17-78
274                android:value="androidx.startup" />
274-->[androidx.lifecycle:lifecycle-process:2.7.0] AndroidManifest.xml:31:17-49
275            <meta-data
275-->[androidx.profileinstaller:profileinstaller:1.3.1] AndroidManifest.xml:29:13-31:52
276                android:name="androidx.profileinstaller.ProfileInstallerInitializer"
276-->[androidx.profileinstaller:profileinstaller:1.3.1] AndroidManifest.xml:30:17-85
277                android:value="androidx.startup" />